<?xml version="1.0" encoding="UTF-8"?>
<testsuite xmlns:xsi="http://www.w3.org/2001/XMLSchema-instance" xsi:noNamespaceSchemaLocation="https://maven.apache.org/surefire/maven-surefire-plugin/xsd/surefire-test-report-3.0.xsd" version="3.0" name="TestSuite" time="0.796" tests="4" errors="0" skipped="0" failures="0">
  <properties>
[...]
</properties>
  <testcase name="testHeaderCategoryPage" classname="test.testng.HeaderTest" time="0.004">
    <system-out><![CDATA[before suite header
before suite footer
	=========> before test header
		=========>before class header
			=========> before method header
Header Test | Category page
]]></system-out>
    <system-err><![CDATA[SLF4J: Failed to load class "org.slf4j.impl.StaticLoggerBinder".
SLF4J: Defaulting to no-operation (NOP) logger implementation
SLF4J: See http://www.slf4j.org/codes.html#StaticLoggerBinder for further details.
]]></system-err>
  </testcase>
  <testcase name="testHeaderHomePage" classname="test.testng.HeaderTest" time="0">
    <system-out><![CDATA[			=========> after method header
			=========> before method header
Header Test | Homepage
]]></system-out>
  </testcase>
  <testcase name="testFooterCategoryPage" classname="test.testng.FooterTest" time="0">
    <system-out><![CDATA[			=========> after method header
		=========>after class header
	=========> after test header
	=========> before test footer
		=========>before class footer
			=========> before method footer
Footer Test | Category page
]]></system-out>
  </testcase>
  <testcase name="testFooterHomePage" classname="test.testng.FooterTest" time="0.002">
    <system-out><![CDATA[			=========> after method footer
			=========> before method footer
Footer Test | Homepage
]]></system-out>
  </testcase>
</testsuite>