<?xml version="1.0" encoding="UTF-8"?>
<testng-results ignored="0" total="4" passed="4" failed="0" skipped="0">
  <reporter-output>
  </reporter-output>
  <suite started-at="2022-05-12T14:46:26 ICT" name="Regression" finished-at="2022-05-12T14:46:26 ICT" duration-ms="80">
    <groups>
    </groups>
    <test started-at="2022-05-12T14:46:26 ICT" name="Global | Header Test" finished-at="2022-05-12T14:46:26 ICT" duration-ms="44">
      <class name="test.testng.HeaderTest">
        <test-method is-config="true" signature="beforeTest()[pri:0, instance:test.testng.HeaderTest@614ca7df]" started-at="2022-05-12T14:46:26 ICT" name="beforeTest" finished-at="2022-05-12T14:46:26 ICT" duration-ms="0" status="PASS">
          <reporter-output>
          </reporter-output>
        </test-method> <!-- beforeTest -->
        <test-method is-config="true" signature="beforeClass()[pri:0, instance:test.testng.HeaderTest@614ca7df]" started-at="2022-05-12T14:46:26 ICT" name="beforeClass" finished-at="2022-05-12T14:46:26 ICT" duration-ms="1" status="PASS">
          <reporter-output>
          </reporter-output>
        </test-method> <!-- beforeClass -->
        <test-method is-config="true" signature="beforeMethod()[pri:0, instance:test.testng.HeaderTest@614ca7df]" started-at="2022-05-12T14:46:26 ICT" name="beforeMethod" finished-at="2022-05-12T14:46:26 ICT" duration-ms="1" status="PASS">
          <reporter-output>
          </reporter-output>
        </test-method> <!-- beforeMethod -->
        <test-method signature="testHeaderCategoryPage()[pri:0, instance:test.testng.HeaderTest@614ca7df]" started-at="2022-05-12T14:46:26 ICT" name="testHeaderCategoryPage" finished-at="2022-05-12T14:46:26 ICT" duration-ms="2" status="PASS">
          <reporter-output>
          </reporter-output>
        </test-method> <!-- testHeaderCategoryPage -->
        <test-method is-config="true" signature="afterMethod()[pri:0, instance:test.testng.HeaderTest@614ca7df]" started-at="2022-05-12T14:46:26 ICT" name="afterMethod" finished-at="2022-05-12T14:46:26 ICT" duration-ms="0" status="PASS">
          <reporter-output>
          </reporter-output>
        </test-method> <!-- afterMethod -->
        <test-method is-config="true" signature="beforeMethod()[pri:0, instance:test.testng.HeaderTest@614ca7df]" started-at="2022-05-12T14:46:26 ICT" name="beforeMethod" finished-at="2022-05-12T14:46:26 ICT" duration-ms="1" status="PASS">
          <reporter-output>
          </reporter-output>
        </test-method> <!-- beforeMethod -->
        <test-method signature="testHeaderHomePage()[pri:0, instance:test.testng.HeaderTest@614ca7df]" started-at="2022-05-12T14:46:26 ICT" name="testHeaderHomePage" finished-at="2022-05-12T14:46:26 ICT" duration-ms="1" status="PASS">
          <reporter-output>
          </reporter-output>
        </test-method> <!-- testHeaderHomePage -->
        <test-method is-config="true" signature="afterMethod()[pri:0, instance:test.testng.HeaderTest@614ca7df]" started-at="2022-05-12T14:46:26 ICT" name="afterMethod" finished-at="2022-05-12T14:46:26 ICT" duration-ms="0" status="PASS">
          <reporter-output>
          </reporter-output>
        </test-method> <!-- afterMethod -->
        <test-method is-config="true" signature="afterClass()[pri:0, instance:test.testng.HeaderTest@614ca7df]" started-at="2022-05-12T14:46:26 ICT" name="afterClass" finished-at="2022-05-12T14:46:26 ICT" duration-ms="0" status="PASS">
          <reporter-output>
          </reporter-output>
        </test-method> <!-- afterClass -->
        <test-method is-config="true" signature="afterTest()[pri:0, instance:test.testng.HeaderTest@614ca7df]" started-at="2022-05-12T14:46:26 ICT" name="afterTest" finished-at="2022-05-12T14:46:26 ICT" duration-ms="0" status="PASS">
          <reporter-output>
          </reporter-output>
        </test-method> <!-- afterTest -->
      </class> <!-- test.testng.HeaderTest -->
    </test> <!-- Global | Header Test -->
    <test started-at="2022-05-12T14:46:26 ICT" name="Global | Footer Test" finished-at="2022-05-12T14:46:26 ICT" duration-ms="6">
      <class name="test.testng.FooterTest">
        <test-method is-config="true" signature="beforeSuite()[pri:0, instance:test.testng.FooterTest@21282ed8]" started-at="2022-05-12T14:46:26 ICT" name="beforeSuite" finished-at="2022-05-12T14:46:26 ICT" duration-ms="0" status="PASS">
          <reporter-output>
          </reporter-output>
        </test-method> <!-- beforeSuite -->
        <test-method is-config="true" signature="beforeTest()[pri:0, instance:test.testng.FooterTest@21282ed8]" started-at="2022-05-12T14:46:26 ICT" name="beforeTest" finished-at="2022-05-12T14:46:26 ICT" duration-ms="1" status="PASS">
          <reporter-output>
          </reporter-output>
        </test-method> <!-- beforeTest -->
        <test-method is-config="true" signature="beforeClass()[pri:0, instance:test.testng.FooterTest@21282ed8]" started-at="2022-05-12T14:46:26 ICT" name="beforeClass" finished-at="2022-05-12T14:46:26 ICT" duration-ms="1" status="PASS">
          <reporter-output>
          </reporter-output>
        </test-method> <!-- beforeClass -->
        <test-method is-config="true" signature="beforeMethod()[pri:0, instance:test.testng.FooterTest@21282ed8]" started-at="2022-05-12T14:46:26 ICT" name="beforeMethod" finished-at="2022-05-12T14:46:26 ICT" duration-ms="1" status="PASS">
          <reporter-output>
          </reporter-output>
        </test-method> <!-- beforeMethod -->
        <test-method signature="testFooterCategoryPage()[pri:0, instance:test.testng.FooterTest@21282ed8]" started-at="2022-05-12T14:46:26 ICT" name="testFooterCategoryPage" finished-at="2022-05-12T14:46:26 ICT" duration-ms="0" status="PASS">
          <reporter-output>
          </reporter-output>
        </test-method> <!-- testFooterCategoryPage -->
        <test-method is-config="true" signature="afterMethod()[pri:0, instance:test.testng.FooterTest@21282ed8]" started-at="2022-05-12T14:46:26 ICT" name="afterMethod" finished-at="2022-05-12T14:46:26 ICT" duration-ms="1" status="PASS">
          <reporter-output>
          </reporter-output>
        </test-method> <!-- afterMethod -->
        <test-method is-config="true" signature="beforeMethod()[pri:0, instance:test.testng.FooterTest@21282ed8]" started-at="2022-05-12T14:46:26 ICT" name="beforeMethod" finished-at="2022-05-12T14:46:26 ICT" duration-ms="0" status="PASS">
          <reporter-output>
          </reporter-output>
        </test-method> <!-- beforeMethod -->
        <test-method is-config="true" signature="afterMethod()[pri:0, instance:test.testng.FooterTest@21282ed8]" started-at="2022-05-12T14:46:26 ICT" name="afterMethod" finished-at="2022-05-12T14:46:26 ICT" duration-ms="1" status="PASS">
          <reporter-output>
          </reporter-output>
        </test-method> <!-- afterMethod -->
        <test-method signature="testFooterHomePage()[pri:0, instance:test.testng.FooterTest@21282ed8]" started-at="2022-05-12T14:46:26 ICT" name="testFooterHomePage" finished-at="2022-05-12T14:46:26 ICT" duration-ms="0" status="PASS">
          <reporter-output>
          </reporter-output>
        </test-method> <!-- testFooterHomePage -->
        <test-method is-config="true" signature="afterClass()[pri:0, instance:test.testng.FooterTest@21282ed8]" started-at="2022-05-12T14:46:26 ICT" name="afterClass" finished-at="2022-05-12T14:46:26 ICT" duration-ms="0" status="PASS">
          <reporter-output>
          </reporter-output>
        </test-method> <!-- afterClass -->
        <test-method is-config="true" signature="afterTest()[pri:0, instance:test.testng.FooterTest@21282ed8]" started-at="2022-05-12T14:46:26 ICT" name="afterTest" finished-at="2022-05-12T14:46:26 ICT" duration-ms="0" status="PASS">
          <reporter-output>
          </reporter-output>
        </test-method> <!-- afterTest -->
        <test-method is-config="true" signature="afterSuite()[pri:0, instance:test.testng.FooterTest@21282ed8]" started-at="2022-05-12T14:46:26 ICT" name="afterSuite" finished-at="2022-05-12T14:46:26 ICT" duration-ms="0" status="PASS">
          <reporter-output>
          </reporter-output>
        </test-method> <!-- afterSuite -->
      </class> <!-- test.testng.FooterTest -->
      <class name="test.testng.HeaderTest">
        <test-method is-config="true" signature="beforeSuite()[pri:0, instance:test.testng.HeaderTest@614ca7df]" started-at="2022-05-12T14:46:26 ICT" name="beforeSuite" finished-at="2022-05-12T14:46:26 ICT" duration-ms="8" status="PASS">
          <reporter-output>
          </reporter-output>
        </test-method> <!-- beforeSuite -->
        <test-method is-config="true" signature="afterSuite()[pri:0, instance:test.testng.HeaderTest@614ca7df]" started-at="2022-05-12T14:46:26 ICT" name="afterSuite" finished-at="2022-05-12T14:46:26 ICT" duration-ms="0" status="PASS">
          <reporter-output>
          </reporter-output>
        </test-method> <!-- afterSuite -->
      </class> <!-- test.testng.HeaderTest -->
    </test> <!-- Global | Footer Test -->
  </suite> <!-- Regression -->
</testng-results>
